[09:58:24] [main/INFO] (FabricLoader/GameProvider) Loading Minecraft 1.21.8 with Fabric Loader 0.17.2
[09:58:24] [main/INFO] (FabricLoader) Loading 51 mods:
	- fabric-api 0.132.0+1.21.8
	- fabric-api-base 0.5.0+cd8c0daa2c
	- fabric-api-lookup-api-v1 1.6.101+946bf4c32c
	- fabric-biome-api-v1 16.0.11+946bf4c32c
	- fabric-block-api-v1 1.1.3+946bf4c32c
	- fabric-block-view-api-v2 1.0.31+946bf4c32c
	- fabric-client-gametest-api-v1 4.2.5+8a98c3fc2c
	- fabric-command-api-v2 2.3.1+52fff9ec2c
	- fabric-content-registries-v0 10.0.19+946bf4c32c
	- fabric-convention-tags-v1 2.1.41+7f945d5b2c
	- fabric-convention-tags-v2 2.15.6+eb5df52f2c
	- fabric-crash-report-info-v1 0.3.15+946bf4c32c
	- fabric-data-attachment-api-v1 1.8.12+38b5f74e2c
	- fabric-data-generation-api-v1 23.2.6+0b1ef9762c
	- fabric-dimensions-v1 4.0.19+946bf4c32c
	- fabric-entity-events-v1 2.1.2+c9e472732c
	- fabric-events-interaction-v0 4.0.24+946bf4c32c
	- fabric-game-rule-api-v1 1.0.73+c64c9c5b2c
	- fabric-gametest-api-v1 3.1.10+39ce47f52c
	- fabric-item-api-v1 11.5.0+02ce13f42c
	- fabric-item-group-api-v1 4.2.14+c5f9bbc12c
	- fabric-key-binding-api-v1 1.0.65+946bf4c32c
	- fabric-lifecycle-events-v1 2.6.4+db4dfd852c
	- fabric-loot-api-v2 3.0.56+3f89f5a52c
	- fabric-loot-api-v3 2.0.3+946bf4c32c
	- fabric-message-api-v1 6.1.2+946bf4c32c
	- fabric-model-loading-api-v1 5.2.6+946bf4c32c
	- fabric-networking-api-v1 5.0.2+946bf4c32c
	- fabric-object-builder-api-v1 21.1.8+946bf4c32c
	- fabric-particles-v1 4.1.8+946bf4c32c
	- fabric-recipe-api-v1 8.1.15+946bf4c32c
	- fabric-registry-sync-v0 6.1.28+946bf4c32c
	- fabric-renderer-api-v1 7.0.3+208eed172c
	- fabric-renderer-indigo 4.0.3+946bf4c32c
	- fabric-rendering-fluids-v1 3.1.31+fa6cb72b2c
	- fabric-rendering-v1 12.5.0+fbe231d52c
	- fabric-resource-conditions-api-v1 5.0.25+98e6d6db2c
	- fabric-resource-loader-v0 3.1.12+020423442c
	- fabric-screen-api-v1 2.1.1+277ecf7d2c
	- fabric-screen-handler-api-v1 1.3.137+946bf4c32c
	- fabric-serialization-api-v1 1.0.0+fc0e5aba2c
	- fabric-sound-api-v1 1.0.42+946bf4c32c
	- fabric-tag-api-v1 1.2.2+946bf4c32c
	- fabric-transfer-api-v1 6.0.6+946bf4c32c
	- fabric-transitive-access-wideners-v1 6.4.1+ac3e15d12c
	- fabricloader 0.17.2
	- java 24
	- minecraft 1.21.8
	- mixinextras 0.5.0
	- modmenu 15.0.0-beta.3
	- simpletrackingcompass 1.0.0
[09:58:25] [main/INFO] (FabricLoader/Mixin) SpongePowered MIXIN Subsystem Version=0.8.7 Source=file:/C:/Users/vmsmi/.gradle/caches/modules-2/files-2.1/net.fabricmc/sponge-mixin/0.16.3+mixin.0.8.7/3e535042688d1265447e52ad86950b7d9678a5fa/sponge-mixin-0.16.3+mixin.0.8.7.jar Service=Knot/Fabric Env=CLIENT
[09:58:25] [main/INFO] (FabricLoader/Mixin) Loaded Fabric development mappings for mixin remapper!
[09:58:25] [main/INFO] (FabricLoader/Mixin) Compatibility level set to JAVA_21
[09:58:26] [main/INFO] (FabricLoader/MixinExtras|Service) Initializing MixinExtras via com.llamalad7.mixinextras.service.MixinExtrasServiceImpl(version=0.5.0).
[09:58:27] [Datafixer Bootstrap/INFO] (Minecraft) 269 Datafixer optimizations took 607 milliseconds
[09:58:34] [Render thread/INFO] (Minecraft) Environment: Environment[sessionHost=https://sessionserver.mojang.com, servicesHost=https://api.minecraftservices.com, name=PROD]
[09:58:34] [Render thread/INFO] (Minecraft) Setting user: Player126
[09:58:34] [Render thread/INFO] (Mod Menu/Update Checker) Checking mod updates...
[09:58:34] [Render thread/INFO] (Minecraft) [STDERR]: [LWJGL] [ThreadLocalUtil] Unsupported JNI version detected, this may result in a crash. Please inform LWJGL developers.
[09:58:34] [Render thread/INFO] (Indigo) [Indigo] Registering Indigo renderer!
[09:58:35] [Render thread/INFO] (Minecraft) Backend library: LWJGL version 3.3.3-snapshot
[09:58:36] [Render thread/INFO] (Minecraft) Using optional rendering extensions: GL_ARB_buffer_storage, GL_KHR_debug, GL_ARB_vertex_attrib_binding, GL_ARB_direct_state_access
[09:58:37] [Render thread/INFO] (Minecraft) Reloading ResourceManager: vanilla, fabric, fabric-api, fabric-api-base, fabric-api-lookup-api-v1, fabric-biome-api-v1, fabric-block-api-v1, fabric-block-view-api-v2, fabric-client-gametest-api-v1, fabric-command-api-v2, fabric-content-registries-v0, fabric-convention-tags-v1, fabric-convention-tags-v2, fabric-crash-report-info-v1, fabric-data-attachment-api-v1, fabric-data-generation-api-v1, fabric-dimensions-v1, fabric-entity-events-v1, fabric-events-interaction-v0, fabric-game-rule-api-v1, fabric-gametest-api-v1, fabric-item-api-v1, fabric-item-group-api-v1, fabric-key-binding-api-v1, fabric-lifecycle-events-v1, fabric-loot-api-v2, fabric-loot-api-v3, fabric-message-api-v1, fabric-model-loading-api-v1, fabric-networking-api-v1, fabric-object-builder-api-v1, fabric-particles-v1, fabric-recipe-api-v1, fabric-registry-sync-v0, fabric-renderer-api-v1, fabric-renderer-indigo, fabric-rendering-fluids-v1, fabric-rendering-v1, fabric-resource-conditions-api-v1, fabric-resource-loader-v0, fabric-screen-api-v1, fabric-screen-handler-api-v1, fabric-serialization-api-v1, fabric-sound-api-v1, fabric-tag-api-v1, fabric-transfer-api-v1, fabric-transitive-access-wideners-v1, fabricloader, modmenu, simpletrackingcompass
[09:58:37] [Worker-Main-9/INFO] (Minecraft) Found unifont_all_no_pua-16.0.03.hex, loading
[09:58:37] [Worker-Main-10/INFO] (Minecraft) Found unifont_pua-16.0.03.hex, loading
[09:58:38] [Worker-Main-4/INFO] (Minecraft) Found unifont_jp_patch-16.0.03.hex, loading
[09:58:38] [Render thread/INFO] (Minecraft) OpenAL initialized on device OpenAL Soft on Speakers (Realtek(R) Audio)
[09:58:38] [Render thread/INFO] (Minecraft) Sound engine started
[09:58:38] [Render thread/INFO] (Minecraft) Created: 1024x512x4 minecraft:textures/atlas/blocks.png-atlas
[09:58:38] [Render thread/INFO] (Minecraft) Created: 256x256x4 minecraft:textures/atlas/signs.png-atlas
[09:58:38] [Render thread/INFO] (Minecraft) Created: 512x512x4 minecraft:textures/atlas/shield_patterns.png-atlas
[09:58:38] [Render thread/INFO] (Minecraft) Created: 512x512x4 minecraft:textures/atlas/banner_patterns.png-atlas
[09:58:38] [Render thread/INFO] (Minecraft) Created: 2048x1024x4 minecraft:textures/atlas/armor_trims.png-atlas
[09:58:38] [Render thread/INFO] (Minecraft) Created: 128x64x4 minecraft:textures/atlas/decorated_pot.png-atlas
[09:58:38] [Render thread/INFO] (Minecraft) Created: 256x256x4 minecraft:textures/atlas/chest.png-atlas
[09:58:38] [Render thread/INFO] (Minecraft) Created: 512x256x4 minecraft:textures/atlas/shulker_boxes.png-atlas
[09:58:38] [Render thread/INFO] (Minecraft) Created: 512x256x4 minecraft:textures/atlas/beds.png-atlas
[09:58:38] [Render thread/INFO] (Minecraft) Created: 64x64x0 minecraft:textures/atlas/map_decorations.png-atlas
[09:58:39] [Render thread/INFO] (Minecraft) Created: 512x256x0 minecraft:textures/atlas/particles.png-atlas
[09:58:39] [Render thread/INFO] (Minecraft) Created: 512x256x0 minecraft:textures/atlas/paintings.png-atlas
[09:58:39] [Render thread/INFO] (Minecraft) Created: 1024x512x0 minecraft:textures/atlas/gui.png-atlas[[10:01:13] [Render thread/INFO] (Minecraft) Connecting to 10.5.0.2, 53398
[10:01:18] [IO-Worker-1/WARN] (Minecraft) Failed to log in: Invalid session (Try restarting your game and the launcher)
[10:01:20] [Render thread/INFO] (Minecraft) Loaded 2 advancements
[10:01:20] [Render thread/INFO] (Minecraft) Resizing Dynamic Transforms UBO, capacity limit of 2 reached during a single frame. New capacity will be 4.
[10:01:20] [Render thread/INFO] (Minecraft) Resizing Dynamic Transforms UBO, capacity limit of 4 reached during a single frame. New capacity will be 8.
[10:01:20] [Render thread/INFO] (Minecraft) Resizing Dynamic Transforms UBO, capacity limit of 8 reached during a single frame. New capacity will be 16.
[10:01:20] [Render thread/INFO] (Minecraft) Resizing Dynamic Transforms UBO, capacity limit of 16 reached during a single frame. New capacity will be 32.
[10:01:20] [Render thread/INFO] (Minecraft) Resizing Dynamic Transforms UBO, capacity limit of 32 reached during a single frame. New capacity will be 64.
[10:01:21] [Render thread/INFO] (Minecraft) Resizing Dynamic Transforms UBO, capacity limit of 64 reached during a single frame. New capacity will be 128.
[10:01:21] [Render thread/INFO] (Minecraft) Resizing Dynamic Transforms UBO, capacity limit of 128 reached during a single frame. New capacity will be 256.
[10:01:21] [Render thread/INFO] (Minecraft) Resizing Dynamic Transforms UBO, capacity limit of 256 reached during a single frame. New capacity will be 512.
[10:04:09] [Render thread/INFO] (Minecraft) Resizing Dynamic Transforms UBO, capacity limit of 512 reached during a single frame. New capacity will be 1024.
[10:04:20] [Render thread/INFO] (Minecraft) [System] [CHAT] Player55 has made the advancement [We Need to Go Deeper]
[10:04:41] [Render thread/INFO] (Minecraft) [System] [CHAT] <setTargetPlayer> Nearby
[10:04:42] [Render thread/INFO] (Minecraft) [System] [CHAT] Player126 has made the advancement [We Need to Go Deeper]
[10:04:42] [Render thread/INFO] (Minecraft) Loaded 29 advancements
[10:04:43] [Render thread/INFO] (Minecraft) [System] [CHAT] <updateTrackedPlayer> false, OtherClientPlayerEntity['Player55'/27, l='ClientLevel', x=-7.24, y=-60.00, z=0.04]
[10:04:43] [Render thread/INFO] (Minecraft) [System] [CHAT] <setTargetPlayer> Remote
[10:04:43] [Render thread/INFO] (Minecraft) Loaded 29 advancements
[10:04:43] [Render thread/INFO] (Minecraft) [System] [CHAT] Player55 is in another dimension (minecraft:overworld).
[10:05:44] [Render thread/INFO] (Minecraft) [System] [CHAT] [Debug]: Chunk borders: shown
[10:05:47] [Render thread/INFO] (Minecraft) [System] [CHAT] [Debug]: Reloading all chunks
[10:05:47] [Render thread/INFO] (Minecraft) [System] [CHAT] [Debug]: Saved dynamic textures to screenshots\debug
[10:05:49] [Render thread/INFO] (Minecraft) [System] [CHAT] [Debug]: Chunk borders: hidden
[10:13:28] [Render thread/INFO] (Minecraft) [System] [CHAT] Player55 has made the advancement [Who Needs Rockets?]
[10:16:09] [Render thread/INFO] (Minecraft) [System] [CHAT] Player55 left the game
[10:16:09] [Render thread/WARN] (Minecraft) Client disconnected with reason: Disconnected
[10:16:10] [Render thread/INFO] (Minecraft) Stopping!
CHAT] <setTargetPlayer> Nearby
[10:01:09] [Server thread/INFO] (Minecraft) Saving and pausing game...
[10:01:09] [Server thread/INFO] (Minecraft) Saving chunks for level 'ServerLevel[New World]'/minecraft:overworld
[10:01:09] [Server thread/INFO] (Minecraft) Saving chunks for level 'ServerLevel[New World]'/minecraft:the_nether
[10:01:09] [Server thread/INFO] (Minecraft) Saving chunks for level 'ServerLevel[New World]'/minecraft:the_end
[10:01:10] [Render thread/INFO] (Minecraft) Using default channel type
[10:01:10] [Render thread/INFO] (Minecraft) Started serving on 53398
[10:01:10] [Render thread/INFO] (Minecraft) [System] [CHAT] Local game hosted on port [53398]
[10:01:19] [User Authenticator #1/WARN] (Minecraft) Failed to verify username but will let them in anyway!
[10:01:19] [Server thread/INFO] (Minecraft) Player126[/10.5.0.2:53409] logged in with entity id 82 at (-4.5, -60.0, -8.5)
[10:01:19] [Server thread/INFO] (Minecraft) Player126 joined the game
[10:01:19] [Render thread/INFO] (Minecraft) [System] [CHAT] Player126 joined the game
[10:01:30] [Render thread/INFO] (Minecraft) [System] [CHAT] <setTargetPlayer> Nearby
[10:04:20] [Server thread/INFO] (Minecraft) Player55 has made the advancement [We Need to Go Deeper]
[10:04:20] [Render thread/INFO] (Minecraft) [System] [CHAT] Player55 has made the advancement [We Need to Go Deeper]
[10:04:20] [Render thread/INFO] (Minecraft) Loaded 30 advancements
[10:04:20] [Render thread/INFO] (Minecraft) [System] [CHAT] <updateTrackedPlayer> false, OtherClientPlayerEntity['Player126'/82, l='ClientLevel', x=-12.90, y=-53.01, z=7.91]
[10:04:20] [Render thread/INFO] (Minecraft) [System] [CHAT] <setTargetPlayer> Remote
[10:04:20] [Server thread/INFO] (Minecraft) [System] [CHAT] <ServerNetworking> minecraft:overworld
[10:04:20] [Server thread/INFO] (Minecraft) [System] [CHAT] <ServerNetworking> minecraft:overworld
[10:04:20] [Render thread/INFO] (Minecraft) [System] [CHAT] Player126 is in another dimension (minecraft:overworld).
[10:04:21] [Render thread/WARN] (Minecraft) Received passengers for unknown entity
[10:04:22] [Render thread/INFO] (Minecraft) Resizing Dynamic Transforms UBO, capacity limit of 512 reached during a single frame. New capacity will be 1024.
[10:04:23] [Render thread/INFO] (Minecraft) Resizing Dynamic Transforms UBO, capacity limit of 1024 reached during a single frame. New capacity will be 2048.
[10:04:32] [Render thread/INFO] (Minecraft) [System] [CHAT] <setTargetPlayer> Nearby
[10:04:42] [Server thread/INFO] (Minecraft) Player126 has made the advancement [We Need to Go Deeper]
[10:04:42] [Render thread/INFO] (Minecraft) [System] [CHAT] Player126 has made the advancement [We Need to Go Deeper]
[10:04:42] [Render thread/INFO] (Minecraft) [System] [CHAT] <updateTrackedPlayer> false, OtherClientPlayerEntity['Player126'/82, l='ClientLevel', x=0.23, y=-59.24, z=1.71, removed=DISCARDED]
[10:04:42] [Render thread/INFO] (Minecraft) [System] [CHAT] <setTargetPlayer> Remote
[10:04:42] [Server thread/INFO] (Minecraft) [System] [CHAT] <ServerNetworking> minecraft:the_nether
[10:04:42] [Server thread/INFO] (Minecraft) [System] [CHAT] <ServerNetworking> minecraft:the_nether
[10:04:42] [Render thread/INFO] (Minecraft) [System] [CHAT] Player126 is in another dimension (minecraft:the_nether).
[10:04:43] [Server thread/INFO] (Minecraft) [System] [CHAT] <ServerNetworking> minecraft:overworld
[10:04:43] [Server thread/INFO] (Minecraft) [System] [CHAT] <ServerNetworking> minecraft:overworld
[10:04:43] [Server thread/INFO] (Minecraft) [System] [CHAT] <ServerNetworking> minecraft:overworld
[10:04:54] [Render thread/WARN] (Minecraft) Received passengers for unknown entity
[10:04:54] [Render thread/WARN] (Minecraft) Received passengers for unknown entity
[10:04:54] [Render thread/WARN] (Minecraft) Received passengers for unknown entity
[10:04:58] [Render thread/INFO] (Minecraft) [System] [CHAT] <setTargetPlayer> Nearby
[10:05:21] [Render thread/INFO] (Minecraft) [System] [CHAT] <updateTrackedPlayer> false, OtherClientPlayerEntity['Player126'/82, l='ClientLevel', x=-9.79, y=32.00, z=0.65, removed=DISCARDED]
[10:05:21] [Render thread/INFO] (Minecraft) [System] [CHAT] <setTargetPlayer> Remote
[10:05:21] [Server thread/INFO] (Minecraft) [System] [CHAT] <ServerNetworking> minecraft:overworld
[10:05:21] [Server thread/INFO] (Minecraft) [System] [CHAT] <ServerNetworking> minecraft:overworld
[10:05:21] [Render thread/INFO] (Minecraft) [System] [CHAT] Player126 is in another dimension (minecraft:overworld).
[10:05:32] [Render thread/INFO] (Minecraft) [System] [CHAT] <setTargetPlayer> Nearby
[10:07:21] [Render thread/INFO] (Minecraft) [System] [CHAT] <updateTrackedPlayer> false, OtherClientPlayerEntity['Player126'/82, l='ClientLevel', x=0.21, y=-61.00, z=15.30, removed=DISCARDED]
[10:07:21] [Render thread/INFO] (Minecraft) [System] [CHAT] <setTargetPlayer> Remote
[10:07:21] [Server thread/INFO] (Minecraft) [System] [CHAT] <ServerNetworking> minecraft:overworld
[10:07:21] [Server thread/INFO] (Minecraft) [System] [CHAT] <ServerNetworking> minecraft:overworld
[10:07:21] [Server thread/INFO] (Minecraft) [System] [CHAT] <ServerNetworking> minecraft:overworld
[10:07:21] [Server thread/INFO] (Minecraft) [System] [CHAT] <ServerNetworking> minecraft:overworld
[10:07:21] [Server thread/INFO] (Minecraft) [System] [CHAT] <ServerNetworking> minecraft:overworld
[10:07:21] [Server thread/INFO] (Minecraft) [System] [CHAT] <ServerNetworking> minecraft:overworld
[10:07:22] [Server thread/INFO] (Minecraft) [System] [CHAT] <ServerNetworking> minecraft:overworld
[10:07:22] [Server thread/INFO] (Minecraft) [System] [CHAT] <ServerNetworking> minecraft:overworld
[10:07:22] [Server thread/INFO] (Minecraft) [System] [CHAT] <ServerNetworking> minecraft:overworld
[10:07:22] [Server thread/INFO] (Minecraft) [System] [CHAT] <ServerNetworking> minecraft:overworld
[10:07:23] [Server thread/INFO] (Minecraft) [System] [CHAT] <ServerNetworking> minecraft:overworld
[10:07:23] [Server thread/INFO] (Minecraft) [System] [CHAT] <ServerNetworking> minecraft:overworld
[10:07:23] [Server thread/INFO] (Minecraft) [System] [CHAT] <ServerNetworking> minecraft:overworld
[10:07:23] [Render thread/INFO] (Minecraft) [System] [CHAT] <updateTrackedPlayer> true, null
[10:07:23] [Render thread/INFO] (Minecraft) [System] [CHAT] <setTargetPlayer> Nearby
[10:07:27] [Render thread/INFO] (Minecraft) [System] [CHAT] <updateTrackedPlayer> false, OtherClientPlayerEntity['Player126'/82, l='ClientLevel', x=0.21, y=-61.00, z=15.30, removed=DISCARDED]
[10:07:27] [Render thread/INFO] (Minecraft) [System] [CHAT] <setTargetPlayer> Remote
[10:07:27] [Server thread/INFO] (Minecraft) [System] [CHAT] <ServerNetworking> minecraft:overworld
[10:07:27] [Server thread/INFO] (Minecraft) [System] [CHAT] <ServerNetworking> minecraft:overworld
[10:07:27] [Server thread/INFO] (Minecraft) [System] [CHAT] <ServerNetworking> minecraft:overworld
[10:07:28] [Server thread/INFO] (Minecraft) [System] [CHAT] <ServerNetworking> minecraft:overworld
[10:07:28] [Server thread/INFO] (Minecraft) [System] [CHAT] <ServerNetworking> minecraft:overworld
[10:07:28] [Server thread/INFO] (Minecraft) [System] [CHAT] <ServerNetworking> minecraft:overworld
[10:07:28] [Server thread/INFO] (Minecraft) [System] [CHAT] <ServerNetworking> minecraft:overworld
[10:07:29] [Server thread/INFO] (Minecraft) [System] [CHAT] <ServerNetworking> minecraft:overworld
[10:07:29] [Server thread/INFO] (Minecraft) [System] [CHAT] <ServerNetworking> minecraft:overworld
[10:07:29] [Server thread/INFO] (Minecraft) [System] [CHAT] <ServerNetworking> minecraft:overworld
[10:07:29] [Server thread/INFO] (Minecraft) [System] [CHAT] <ServerNetworking> minecraft:overworld
[10:07:30] [Server thread/INFO] (Minecraft) [System] [CHAT] <ServerNetworking> minecraft:overworld
[10:07:30] [Server thread/INFO] (Minecraft) [System] [CHAT] <ServerNetworking> minecraft:overworld
[10:07:30] [Server thread/INFO] (Minecraft) [System] [CHAT] <ServerNetworking> minecraft:overworld
[10:07:30] [Server thread/INFO] (Minecraft) [System] [CHAT] <ServerNetworking> minecraft:overworld
[10:07:31] [Server thread/INFO] (Minecraft) [System] [CHAT] <ServerNetworking> minecraft:overworld
[10:07:31] [Server thread/INFO] (Minecraft) [System] [CHAT] <ServerNetworking> minecraft:overworld
[10:07:31] [Server thread/INFO] (Minecraft) [System] [CHAT] <ServerNetworking> minecraft:overworld
[10:07:31] [Server thread/INFO] (Minecraft) [System] [CHAT] <ServerNetworking> minecraft:overworld
[10:07:32] [Server thread/INFO] (Minecraft) [System] [CHAT] <ServerNetworking> minecraft:overworld
[10:07:32] [Server thread/INFO] (Minecraft) [System] [CHAT] <ServerNetworking> minecraft:overworld
[10:07:32] [Server thread/INFO] (Minecraft) [System] [CHAT] <ServerNetworking> minecraft:overworld
[10:07:32] [Server thread/INFO] (Minecraft) [System] [CHAT] <ServerNetworking> minecraft:overworld
[10:07:33] [Server thread/INFO] (Minecraft) [System] [CHAT] <ServerNetworking> minecraft:overworld
[10:07:33] [Server thread/INFO] (Minecraft) [System] [CHAT] <ServerNetworking> minecraft:overworld
[10:07:33] [Server thread/INFO] (Minecraft) [System] [CHAT] <ServerNetworking> minecraft:overworld
[10:07:33] [Server thread/INFO] (Minecraft) [System] [CHAT] <ServerNetworking> minecraft:overworld
[10:07:34] [Server thread/INFO] (Minecraft) [System] [CHAT] <ServerNetworking> minecraft:overworld
[10:07:34] [Server thread/INFO] (Minecraft) [System] [CHAT] <ServerNetworking> minecraft:overworld
[10:07:34] [Server thread/INFO] (Minecraft) [System] [CHAT] <ServerNetworking> minecraft:overworld
[10:07:34] [Server thread/INFO] (Minecraft) [System] [CHAT] <ServerNetworking> minecraft:overworld
[10:07:35] [Server thread/INFO] (Minecraft) [System] [CHAT] <ServerNetworking> minecraft:overworld
[10:07:35] [Server thread/INFO] (Minecraft) [System] [CHAT] <ServerNetworking> minecraft:overworld
[10:07:35] [Server thread/INFO] (Minecraft) [System] [CHAT] <ServerNetworking> minecraft:overworld
[10:07:35] [Server thread/INFO] (Minecraft) [System] [CHAT] <ServerNetworking> minecraft:overworld
[10:07:36] [Server thread/INFO] (Minecraft) [System] [CHAT] <ServerNetworking> minecraft:overworld
[10:07:36] [Server thread/INFO] (Minecraft) [System] [CHAT] <ServerNetworking> minecraft:overworld
[10:07:36] [Server thread/INFO] (Minecraft) [System] [CHAT] <ServerNetworking> minecraft:overworld
[10:07:36] [Server thread/INFO] (Minecraft) [System] [CHAT] <ServerNetworking> minecraft:overworld
[10:07:37] [Server thread/INFO] (Minecraft) [System] [CHAT] <ServerNetworking> minecraft:overworld
[10:07:37] [Server thread/INFO] (Minecraft) [System] [CHAT] <ServerNetworking> minecraft:overworld
[10:07:37] [Server thread/INFO] (Minecraft) [System] [CHAT] <ServerNetworking> minecraft:overworld
[10:07:37] [Server thread/INFO] (Minecraft) [System] [CHAT] <ServerNetworking> minecraft:overworld
[10:07:38] [Server thread/INFO] (Minecraft) [System] [CHAT] <ServerNetworking> minecraft:overworld
[10:07:38] [Server thread/INFO] (Minecraft) [System] [CHAT] <ServerNetworking> minecraft:overworld
[10:07:38] [Server thread/INFO] (Minecraft) [System] [CHAT] <ServerNetworking> minecraft:overworld
[10:07:38] [Server thread/INFO] (Minecraft) [System] [CHAT] <ServerNetworking> minecraft:overworld
[10:07:39] [Server thread/INFO] (Minecraft) [System] [CHAT] <ServerNetworking> minecraft:overworld
[10:07:39] [Server thread/INFO] (Minecraft) [System] [CHAT] <ServerNetworking> minecraft:overworld
[10:07:39] [Server thread/INFO] (Minecraft) [System] [CHAT] <ServerNetworking> minecraft:overworld
[10:07:39] [Server thread/INFO] (Minecraft) [System] [CHAT] <ServerNetworking> minecraft:overworld
[10:07:40] [Server thread/INFO] (Minecraft) [System] [CHAT] <ServerNetworking> minecraft:overworld
[10:07:40] [Server thread/INFO] (Minecraft) [System] [CHAT] <ServerNetworking> minecraft:overworld
[10:07:40] [Server thread/INFO] (Minecraft) [System] [CHAT] <ServerNetworking> minecraft:overworld
[10:07:40] [Server thread/INFO] (Minecraft) [System] [CHAT] <ServerNetworking> minecraft:overworld
[10:07:41] [Server thread/INFO] (Minecraft) [System] [CHAT] <ServerNetworking> minecraft:overworld
[10:07:41] [Server thread/INFO] (Minecraft) [System] [CHAT] <ServerNetworking> minecraft:overworld
[10:07:41] [Server thread/INFO] (Minecraft) [System] [CHAT] <ServerNetworking> minecraft:overworld
[10:07:41] [Server thread/INFO] (Minecraft) [System] [CHAT] <ServerNetworking> minecraft:overworld
[10:07:42] [Server thread/INFO] (Minecraft) [System] [CHAT] <ServerNetworking> minecraft:overworld
[10:07:42] [Server thread/INFO] (Minecraft) [System] [CHAT] <ServerNetworking> minecraft:overworld
[10:07:42] [Server thread/INFO] (Minecraft) [System] [CHAT] <ServerNetworking> minecraft:overworld
[10:07:42] [Server thread/INFO] (Minecraft) [System] [CHAT] <ServerNetworking> minecraft:overworld
[10:07:43] [Server thread/INFO] (Minecraft) [System] [CHAT] <ServerNetworking> minecraft:overworld
[10:07:43] [Server thread/INFO] (Minecraft) [System] [CHAT] <ServerNetworking> minecraft:overworld
[10:07:43] [Server thread/INFO] (Minecraft) [System] [CHAT] <ServerNetworking> minecraft:overworld
[10:07:43] [Server thread/INFO] (Minecraft) [System] [CHAT] <ServerNetworking> minecraft:overworld
[10:07:44] [Server thread/INFO] (Minecraft) [System] [CHAT] <ServerNetworking> minecraft:overworld
[10:07:44] [Server thread/INFO] (Minecraft) [System] [CHAT] <ServerNetworking> minecraft:overworld
[10:07:44] [Server thread/INFO] (Minecraft) [System] [CHAT] <ServerNetworking> minecraft:overworld
[10:07:44] [Server thread/INFO] (Minecraft) [System] [CHAT] <ServerNetworking> minecraft:overworld
[10:07:45] [Server thread/INFO] (Minecraft) [System] [CHAT] <ServerNetworking> minecraft:overworld
[10:07:45] [Server thread/INFO] (Minecraft) [System] [CHAT] <ServerNetworking> minecraft:overworld
[10:07:45] [Server thread/INFO] (Minecraft) [System] [CHAT] <ServerNetworking> minecraft:overworld
[10:07:45] [Server thread/INFO] (Minecraft) [System] [CHAT] <ServerNetworking> minecraft:overworld
[10:07:46] [Server thread/INFO] (Minecraft) [System] [CHAT] <ServerNetworking> minecraft:overworld
[10:07:46] [Server thread/INFO] (Minecraft) [System] [CHAT] <ServerNetworking> minecraft:overworld
[10:07:46] [Server thread/INFO] (Minecraft) [System] [CHAT] <ServerNetworking> minecraft:overworld
[10:07:46] [Server thread/INFO] (Minecraft) [System] [CHAT] <ServerNetworking> minecraft:overworld
[10:07:47] [Server thread/INFO] (Minecraft) [System] [CHAT] <ServerNetworking> minecraft:overworld
[10:07:47] [Server thread/INFO] (Minecraft) [System] [CHAT] <ServerNetworking> minecraft:overworld
[10:07:47] [Server thread/INFO] (Minecraft) [System] [CHAT] <ServerNetworking> minecraft:overworld
[10:07:47] [Server thread/INFO] (Minecraft) [System] [CHAT] <ServerNetworking> minecraft:overworld
[10:07:48] [Server thread/INFO] (Minecraft) [System] [CHAT] <ServerNetworking> minecraft:overworld
[10:07:48] [Server thread/INFO] (Minecraft) [System] [CHAT] <ServerNetworking> minecraft:overworld
[10:07:48] [Server thread/INFO] (Minecraft) [System] [CHAT] <ServerNetworking> minecraft:overworld
[10:07:48] [Server thread/INFO] (Minecraft) [System] [CHAT] <ServerNetworking> minecraft:overworld
[10:07:49] [Server thread/INFO] (Minecraft) [System] [CHAT] <ServerNetworking> minecraft:overworld
[10:07:49] [Server thread/INFO] (Minecraft) [System] [CHAT] <ServerNetworking> minecraft:overworld
[10:07:49] [Server thread/INFO] (Minecraft) [System] [CHAT] <ServerNetworking> minecraft:overworld
[10:07:49] [Server thread/INFO] (Minecraft) [System] [CHAT] <ServerNetworking> minecraft:overworld
[10:07:50] [Server thread/INFO] (Minecraft) [System] [CHAT] <ServerNetworking> minecraft:overworld
[10:07:50] [Server thread/INFO] (Minecraft) [System] [CHAT] <ServerNetworking> minecraft:overworld
[10:07:50] [Server thread/INFO] (Minecraft) [System] [CHAT] <ServerNetworking> minecraft:overworld
[10:07:50] [Server thread/INFO] (Minecraft) [System] [CHAT] <ServerNetworking> minecraft:overworld
[10:07:51] [Server thread/INFO] (Minecraft) [System] [CHAT] <ServerNetworking> minecraft:overworld
[10:07:51] [Server thread/INFO] (Minecraft) [System] [CHAT] <ServerNetworking> minecraft:overworld
[10:07:51] [Server thread/INFO] (Minecraft) [System] [CHAT] <ServerNetworking> minecraft:overworld
[10:07:51] [Server thread/INFO] (Minecraft) [System] [CHAT] <ServerNetworking> minecraft:overworld
[10:07:52] [Server thread/INFO] (Minecraft) [System] [CHAT] <ServerNetworking> minecraft:overworld
[10:07:52] [Server thread/INFO] (Minecraft) [System] [CHAT] <ServerNetworking> minecraft:overworld
[10:07:52] [Server thread/INFO] (Minecraft) [System] [CHAT] <ServerNetworking> minecraft:overworld
[10:07:52] [Server thread/INFO] (Minecraft) [System] [CHAT] <ServerNetworking> minecraft:overworld
[10:07:53] [Server thread/INFO] (Minecraft) [System] [CHAT] <ServerNetworking> minecraft:overworld
[10:07:53] [Server thread/INFO] (Minecraft) [System] [CHAT] <ServerNetworking> minecraft:overworld
[10:07:53] [Server thread/INFO] (Minecraft) [System] [CHAT] <ServerNetworking> minecraft:overworld
[10:07:54] [Server thread/INFO] (Minecraft) [System] [CHAT] <ServerNetworking> minecraft:overworld
[10:07:54] [Server thread/INFO] (Minecraft) [System] [CHAT] <ServerNetworking> minecraft:overworld
[10:07:54] [Server thread/INFO] (Minecraft) [System] [CHAT] <ServerNetworking> minecraft:overworld
[10:07:54] [Server thread/INFO] (Minecraft) [System] [CHAT] <ServerNetworking> minecraft:overworld
[10:07:54] [Server thread/INFO] (Minecraft) [System] [CHAT] <ServerNetworking> minecraft:overworld
[10:07:55] [Server thread/INFO] (Minecraft) [System] [CHAT] <ServerNetworking> minecraft:overworld
[10:07:55] [Server thread/INFO] (Minecraft) [System] [CHAT] <ServerNetworking> minecraft:overworld
[10:07:55] [Server thread/INFO] (Minecraft) [System] [CHAT] <ServerNetworking> minecraft:overworld
[10:07:55] [Server thread/INFO] (Minecraft) [System] [CHAT] <ServerNetworking> minecraft:overworld
[10:07:56] [Server thread/INFO] (Minecraft) [System] [CHAT] <ServerNetworking> minecraft:overworld
[10:07:56] [Server thread/INFO] (Minecraft) [System] [CHAT] <ServerNetworking> minecraft:overworld
[10:07:56] [Server thread/INFO] (Minecraft) [System] [CHAT] <ServerNetworking> minecraft:overworld
[10:07:56] [Server thread/INFO] (Minecraft) [System] [CHAT] <ServerNetworking> minecraft:overworld
[10:07:57] [Server thread/INFO] (Minecraft) [System] [CHAT] <ServerNetworking> minecraft:overworld
[10:07:57] [Server thread/INFO] (Minecraft) [System] [CHAT] <ServerNetworking> minecraft:overworld
[10:07:57] [Server thread/INFO] (Minecraft) [System] [CHAT] <ServerNetworking> minecraft:overworld
[10:07:57] [Server thread/INFO] (Minecraft) [System] [CHAT] <ServerNetworking> minecraft:overworld
[10:07:58] [Server thread/INFO] (Minecraft) [System] [CHAT] <ServerNetworking> minecraft:overworld
[10:07:58] [Server thread/INFO] (Minecraft) [System] [CHAT] <ServerNetworking> minecraft:overworld
[10:07:58] [Server thread/INFO] (Minecraft) [System] [CHAT] <ServerNetworking> minecraft:overworld
[10:07:58] [Server thread/INFO] (Minecraft) [System] [CHAT] <ServerNetworking> minecraft:overworld
[10:07:59] [Server thread/INFO] (Minecraft) [System] [CHAT] <ServerNetworking> minecraft:overworld
[10:07:59] [Server thread/INFO] (Minecraft) [System] [CHAT] <ServerNetworking> minecraft:overworld
[10:07:59] [Server thread/INFO] (Minecraft) [System] [CHAT] <ServerNetworking> minecraft:overworld
[10:07:59] [Server thread/INFO] (Minecraft) [System] [CHAT] <ServerNetworking> minecraft:overworld
[10:08:00] [Server thread/INFO] (Minecraft) [System] [CHAT] <ServerNetworking> minecraft:overworld
[10:08:00] [Server thread/INFO] (Minecraft) [System] [CHAT] <ServerNetworking> minecraft:overworld
[10:08:00] [Server thread/INFO] (Minecraft) [System] [CHAT] <ServerNetworking> minecraft:overworld
[10:08:00] [Server thread/INFO] (Minecraft) [System] [CHAT] <ServerNetworking> minecraft:overworld
[10:08:01] [Server thread/INFO] (Minecraft) [System] [CHAT] <ServerNetworking> minecraft:overworld
[10:08:01] [Server thread/INFO] (Minecraft) [System] [CHAT] <ServerNetworking> minecraft:overworld
[10:08:01] [Server thread/INFO] (Minecraft) [System] [CHAT] <ServerNetworking> minecraft:overworld
[10:08:01] [Server thread/INFO] (Minecraft) [System] [CHAT] <ServerNetworking> minecraft:overworld
[10:08:02] [Server thread/INFO] (Minecraft) [System] [CHAT] <ServerNetworking> minecraft:overworld
[10:08:02] [Server thread/INFO] (Minecraft) [System] [CHAT] <ServerNetworking> minecraft:overworld
[10:08:02] [Server thread/INFO] (Minecraft) [System] [CHAT] <ServerNetworking> minecraft:overworld
[10:08:02] [Server thread/INFO] (Minecraft) [System] [CHAT] <ServerNetworking> minecraft:overworld
[10:08:03] [Server thread/INFO] (Minecraft) [System] [CHAT] <ServerNetworking> minecraft:overworld
[10:08:03] [Server thread/INFO] (Minecraft) [System] [CHAT] <ServerNetworking> minecraft:overworld
[10:08:03] [Server thread/INFO] (Minecraft) [System] [CHAT] <ServerNetworking> minecraft:overworld
[10:08:03] [Server thread/INFO] (Minecraft) [System] [CHAT] <ServerNetworking> minecraft:overworld
[10:08:04] [Server thread/INFO] (Minecraft) [System] [CHAT] <ServerNetworking> minecraft:overworld
[10:08:04] [Server thread/INFO] (Minecraft) [System] [CHAT] <ServerNetworking> minecraft:overworld
[10:08:04] [Server thread/INFO] (Minecraft) [System] [CHAT] <ServerNetworking> minecraft:overworld
[10:08:04] [Server thread/INFO] (Minecraft) [System] [CHAT] <ServerNetworking> minecraft:overworld
[10:08:05] [Server thread/INFO] (Minecraft) [System] [CHAT] <ServerNetworking> minecraft:overworld
[10:08:05] [Server thread/INFO] (Minecraft) [System] [CHAT] <ServerNetworking> minecraft:overworld
[10:08:05] [Server thread/INFO] (Minecraft) [System] [CHAT] <ServerNetworking> minecraft:overworld
[10:08:05] [Server thread/INFO] (Minecraft) [System] [CHAT] <ServerNetworking> minecraft:overworld
[10:08:06] [Server thread/INFO] (Minecraft) [System] [CHAT] <ServerNetworking> minecraft:overworld
[10:08:06] [Server thread/INFO] (Minecraft) [System] [CHAT] <ServerNetworking> minecraft:overworld
[10:08:06] [Server thread/INFO] (Minecraft) [System] [CHAT] <ServerNetworking> minecraft:overworld
[10:08:06] [Server thread/INFO] (Minecraft) [System] [CHAT] <ServerNetworking> minecraft:overworld
[10:08:07] [Server thread/INFO] (Minecraft) [System] [CHAT] <ServerNetworking> minecraft:overworld
[10:08:07] [Server thread/INFO] (Minecraft) [System] [CHAT] <ServerNetworking> minecraft:overworld
[10:08:07] [Server thread/INFO] (Minecraft) [System] [CHAT] <ServerNetworking> minecraft:overworld
[10:08:07] [Server thread/INFO] (Minecraft) [System] [CHAT] <ServerNetworking> minecraft:overworld
[10:08:08] [Server thread/INFO] (Minecraft) [System] [CHAT] <ServerNetworking> minecraft:overworld
[10:08:08] [Server thread/INFO] (Minecraft) [System] [CHAT] <ServerNetworking> minecraft:overworld
[10:08:08] [Server thread/INFO] (Minecraft) [System] [CHAT] <ServerNetworking> minecraft:overworld
[10:08:08] [Server thread/INFO] (Minecraft) [System] [CHAT] <ServerNetworking> minecraft:overworld
[10:08:09] [Server thread/INFO] (Minecraft) [System] [CHAT] <ServerNetworking> minecraft:overworld
[10:08:09] [Server thread/INFO] (Minecraft) [System] [CHAT] <ServerNetworking> minecraft:overworld
[10:08:09] [Server thread/INFO] (Minecraft) [System] [CHAT] <ServerNetworking> minecraft:overworld
[10:08:09] [Server thread/INFO] (Minecraft) [System] [CHAT] <ServerNetworking> minecraft:overworld
[10:08:10] [Server thread/INFO] (Minecraft) [System] [CHAT] <ServerNetworking> minecraft:overworld
[10:08:10] [Server thread/INFO] (Minecraft) [System] [CHAT] <ServerNetworking> minecraft:overworld
[10:08:10] [Server thread/INFO] (Minecraft) [System] [CHAT] <ServerNetworking> minecraft:overworld
[10:08:10] [Server thread/INFO] (Minecraft) [System] [CHAT] <ServerNetworking> minecraft:overworld
[10:08:11] [Server thread/INFO] (Minecraft) [System] [CHAT] <ServerNetworking> minecraft:overworld
[10:08:11] [Server thread/INFO] (Minecraft) [System] [CHAT] <ServerNetworking> minecraft:overworld
[10:08:11] [Server thread/INFO] (Minecraft) [System] [CHAT] <ServerNetworking> minecraft:overworld
[10:08:11] [Server thread/INFO] (Minecraft) [System] [CHAT] <ServerNetworking> minecraft:overworld
[10:08:12] [Server thread/INFO] (Minecraft) [System] [CHAT] <ServerNetworking> minecraft:overworld
[10:08:12] [Server thread/INFO] (Minecraft) [System] [CHAT] <ServerNetworking> minecraft:overworld
[10:08:12] [Server thread/INFO] (Minecraft) [System] [CHAT] <ServerNetworking> minecraft:overworld
[10:08:12] [Server thread/INFO] (Minecraft) [System] [CHAT] <ServerNetworking> minecraft:overworld
[10:08:13] [Server thread/INFO] (Minecraft) [System] [CHAT] <ServerNetworking> minecraft:overworld
[10:08:13] [Server thread/INFO] (Minecraft) [System] [CHAT] <ServerNetworking> minecraft:overworld
[10:08:13] [Server thread/INFO] (Minecraft) [System] [CHAT] <ServerNetworking> minecraft:overworld
[10:08:13] [Server thread/INFO] (Minecraft) [System] [CHAT] <ServerNetworking> minecraft:overworld
[10:08:14] [Server thread/INFO] (Minecraft) [System] [CHAT] <ServerNetworking> minecraft:overworld
[10:08:14] [Server thread/INFO] (Minecraft) [System] [CHAT] <ServerNetworking> minecraft:overworld
[10:08:14] [Server thread/INFO] (Minecraft) [System] [CHAT] <ServerNetworking> minecraft:overworld
[10:08:14] [Server thread/INFO] (Minecraft) [System] [CHAT] <ServerNetworking> minecraft:overworld
[10:08:15] [Server thread/INFO] (Minecraft) [System] [CHAT] <ServerNetworking> minecraft:overworld
[10:08:15] [Server thread/INFO] (Minecraft) [System] [CHAT] <ServerNetworking> minecraft:overworld
[10:08:15] [Server thread/INFO] (Minecraft) [System] [CHAT] <ServerNetworking> minecraft:overworld
[10:08:15] [Server thread/INFO] (Minecraft) [System] [CHAT] <ServerNetworking> minecraft:overworld
[10:08:16] [Server thread/INFO] (Minecraft) [System] [CHAT] <ServerNetworking> minecraft:overworld
[10:08:16] [Server thread/INFO] (Minecraft) [System] [CHAT] <ServerNetworking> minecraft:overworld
[10:08:16] [Server thread/INFO] (Minecraft) [System] [CHAT] <ServerNetworking> minecraft:overworld
[10:08:16] [Server thread/INFO] (Minecraft) [System] [CHAT] <ServerNetworking> minecraft:overworld
[10:08:17] [Server thread/INFO] (Minecraft) [System] [CHAT] <ServerNetworking> minecraft:overworld
[10:08:17] [Server thread/INFO] (Minecraft) [System] [CHAT] <ServerNetworking> minecraft:overworld
[10:08:17] [Server thread/INFO] (Minecraft) [System] [CHAT] <ServerNetworking> minecraft:overworld
[10:08:17] [Server thread/INFO] (Minecraft) [System] [CHAT] <ServerNetworking> minecraft:overworld
[10:08:18] [Server thread/INFO] (Minecraft) [System] [CHAT] <ServerNetworking> minecraft:overworld
[10:08:18] [Server thread/INFO] (Minecraft) [System] [CHAT] <ServerNetworking> minecraft:overworld
[10:08:18] [Server thread/INFO] (Minecraft) [System] [CHAT] <ServerNetworking> minecraft:overworld
[10:08:18] [Render thread/INFO] (Minecraft) [System] [CHAT] <updateTrackedPlayer> true, null
[10:08:18] [Render thread/INFO] (Minecraft) [System] [CHAT] <setTargetPlayer> Nearby
[10:13:28] [Server thread/INFO] (Minecraft) Player55 has made the advancement [Who Needs Rockets?]
[10:13:28] [Render thread/INFO] (Minecraft) [System] [CHAT] Player55 has made the advancement [Who Needs Rockets?]
[10:13:28] [Render thread/INFO] (Minecraft) Loaded 33 advancements
[10:14:41] [Render thread/INFO] (Minecraft) [System] [CHAT] [Debug]: Hitboxes: shown
[10:14:42] [Render thread/INFO] (Minecraft) [System] [CHAT] [Debug]: Hitboxes: hidden
[10:14:58] [Render thread/INFO] (Minecraft) Loaded 68 advancements
[10:14:59] [Render thread/INFO] (Minecraft) Loaded 72 advancements
[10:16:09] [Render thread/INFO] (Minecraft) Stopping!
[10:16:09] [Server thread/INFO] (Minecraft) Player55 lost connection: Disconnected
[10:16:09] [Server thread/INFO] (Minecraft) Player55 left the game
[10:16:09] [Server thread/INFO] (Minecraft) Stopping singleplayer server as player logged out
[10:16:09] [Server thread/INFO] (Minecraft) Stopping server
[10:16:09] [Server thread/INFO] (Minecraft) Saving players
[10:16:09] [Server thread/INFO] (Minecraft) Saving worlds
[10:16:09] [Server thread/INFO] (Minecraft) Saving chunks for level 'ServerLevel[New World]'/minecraft:overworld
[10:16:09] [Server thread/INFO] (Minecraft) Saving chunks for level 'ServerLevel[New World]'/minecraft:the_nether
[10:16:09] [Server thread/INFO] (Minecraft) Saving chunks for level 'ServerLevel[New World]'/minecraft:the_end
[10:16:09] [Server thread/INFO] (Minecraft) ThreadedAnvilChunkStorage (New World (2)): All chunks are saved
[10:16:09] [Server thread/INFO] (Minecraft) ThreadedAnvilChunkStorage (DIM-1): All chunks are saved
[10:16:09] [Server thread/INFO] (Minecraft) ThreadedAnvilChunkStorage (DIM1): All chunks are saved
[10:16:09] [Server thread/INFO] (Minecraft) ThreadedAnvilChunkStorage: All dimensions are saved
